<?xml version="1.0" encoding="UTF-8"?>
<testng-results skipped="0" failed="0" ignored="0" total="1" passed="1">
  <reporter-output>
  </reporter-output>
  <suite name="Default suite" duration-ms="44251" started-at="2022-08-10T15:18:47 IST" finished-at="2022-08-10T15:19:31 IST">
    <groups>
    </groups>
    <test name="Default test" duration-ms="44251" started-at="2022-08-10T15:18:47 IST" finished-at="2022-08-10T15:19:31 IST">
      <class name="com.utility.Baseclass">
        <test-method status="PASS" signature="brow()[pri:0, instance:com.utility.Baseclass@1d371b2d]" name="brow" is-config="true" duration-ms="25099" started-at="2022-08-10T15:18:47 IST" finished-at="2022-08-10T15:19:12 IST">
          <reporter-output>
          </reporter-output>
        </test-method> <!-- brow -->
        <test-method status="PASS" signature="brow()[pri:0, instance:com.utility.Baseclass@1d371b2d]" name="brow" duration-ms="19037" started-at="2022-08-10T15:19:12 IST" finished-at="2022-08-10T15:19:31 IST">
          <reporter-output>
          </reporter-output>
        </test-method> <!-- brow -->
        <test-method status="FAIL" signature="teardown()[pri:0, instance:com.utility.Baseclass@1d371b2d]" name="teardown" is-config="true" duration-ms="3" started-at="2022-08-10T15:19:31 IST" finished-at="2022-08-10T15:19:31 IST">
          <exception class="java.lang.NullPointerException">
            <full-stacktrace>
              <![CDATA[java.lang.NullPointerException
at com.utility.Baseclass.teardown(Baseclass.java:35)
at sun.reflect.NativeMethodAccessorImpl.invoke0(Native Method)
at sun.reflect.NativeMethodAccessorImpl.invoke(Unknown Source)
at sun.reflect.DelegatingMethodAccessorImpl.invoke(Unknown Source)
at java.lang.reflect.Method.invoke(Unknown Source)
at org.testng.internal.MethodInvocationHelper.invokeMethod(MethodInvocationHelper.java:133)
at org.testng.internal.MethodInvocationHelper.invokeMethodConsideringTimeout(MethodInvocationHelper.java:62)
at org.testng.internal.ConfigInvoker.invokeConfigurationMethod(ConfigInvoker.java:385)
at org.testng.internal.ConfigInvoker.invokeConfigurations(ConfigInvoker.java:321)
at org.testng.internal.TestMethodWorker.invokeAfterClassMethods(TestMethodWorker.java:217)
at org.testng.internal.TestMethodWorker.run(TestMethodWorker.java:130)
at java.util.ArrayList.forEach(Unknown Source)
at org.testng.TestRunner.privateRun(TestRunner.java:794)
at org.testng.TestRunner.run(TestRunner.java:596)
at org.testng.SuiteRunner.runTest(SuiteRunner.java:377)
at org.testng.SuiteRunner.runSequentially(SuiteRunner.java:371)
at org.testng.SuiteRunner.privateRun(SuiteRunner.java:332)
at org.testng.SuiteRunner.run(SuiteRunner.java:276)
at org.testng.SuiteRunnerWorker.runSuite(SuiteRunnerWorker.java:53)
at org.testng.SuiteRunnerWorker.run(SuiteRunnerWorker.java:96)
at org.testng.TestNG.runSuitesSequentially(TestNG.java:1212)
at org.testng.TestNG.runSuitesLocally(TestNG.java:1134)
at org.testng.TestNG.runSuites(TestNG.java:1063)
at org.testng.TestNG.run(TestNG.java:1031)
at org.testng.remote.AbstractRemoteTestNG.run(AbstractRemoteTestNG.java:115)
at org.testng.remote.RemoteTestNG.initAndRun(RemoteTestNG.java:251)
at org.testng.remote.RemoteTestNG.main(RemoteTestNG.java:77)
]]>
            </full-stacktrace>
          </exception> <!-- java.lang.NullPointerException -->
          <reporter-output>
          </reporter-output>
        </test-method> <!-- teardown -->
      </class> <!-- com.utility.Baseclass -->
    </test> <!-- Default test -->
  </suite> <!-- Default suite -->
</testng-results>
